SimpleNet2(
  0.001 M, 100.000% Params, 0.0 GMac, 100.000% MACs,
  (conv1): Conv2d(0.0 M, 12.134% Params, 0.0 GMac, 71.956% MACs, 3, 4, kernel_size=(3, 3), stride=(1, 1), padding=(1, 1))
  (conv2): Conv2d(0.0 M, 16.035% Params, 0.0 GMac, 22.187% MACs, 4, 4, kernel_size=(3, 3), stride=(1, 1), padding=(1, 1))
  (conv3): Conv2d(0.0 M, 16.035% Params, 0.0 GMac, 4.754% MACs, 4, 4, kernel_size=(3, 3), stride=(1, 1), padding=(1, 1))
  (fc1): Linear(0.0 M, 52.871% Params, 0.0 GMac, 1.045% MACs, in_features=60, out_features=8, bias=True)
  (fc2): Linear(0.0 M, 2.925% Params, 0.0 GMac, 0.058% MACs, in_features=8, out_features=3, bias=True)
)
Computational complexity:       0.0 GMac
Number of parameters:           923
----------------------------------------------------------------
        Layer (type)               Output Shape         Param #
================================================================
            Conv2d-1            [-1, 4, 20, 15]             112
            Conv2d-2             [-1, 4, 10, 7]             148
            Conv2d-3              [-1, 4, 5, 3]             148
            Linear-4                    [-1, 8]             488
            Linear-5                    [-1, 3]              27
================================================================
Total params: 923
Trainable params: 923
Non-trainable params: 0
----------------------------------------------------------------
Input size (MB): 0.88
Forward/backward pass size (MB): 0.01
Params size (MB): 0.00
Estimated Total Size (MB): 0.89
----------------------------------------------------------------

batch:  10/28 , train acc: 0.863636, train loss: 0.007771
batch:  20/28 , train acc: 0.857143, train loss: 0.014425
confusion_matrix
[[41  9]
 [ 5 81]]
classification_report
              precision    recall  f1-score   support

           1       0.89      0.82      0.85        50
           2       0.90      0.94      0.92        86

    accuracy                           0.90       136
   macro avg       0.90      0.88      0.89       136
weighted avg       0.90      0.90      0.90       136

epoch:  12, train acc: 0.854779, train loss: 0.020332, test acc: 0.897059, test loss: 0.014486
Saved a model checkpoint at 20210105a-simplenet2-ckpt/data-20210105a_simplenet2_epoch12.pth
